{"message":"cannot find derive macro `Routable` in this scope","code":null,"level":"error","spans":[{"file_name":"src/lib.rs","byte_start":296,"byte_end":304,"line_start":15,"line_end":15,"column_start":10,"column_end":18,"is_primary":true,"text":[{"text":"#[derive(Routable, PartialEq, Clone, Debug)]","highlight_start":10,"highlight_end":18}],"label":null,"suggested_replacement":null,"suggestion_applicability":null,"expansion":null}],"children":[{"message":"`Routable` is imported here, but it is a type alias, not a derive macro","code":null,"level":"note","spans":[{"file_name":"src/lib.rs","byte_start":148,"byte_end":170,"line_start":12,"line_end":12,"column_start":5,"column_end":27,"is_primary":true,"text":[{"text":"use yew_router::prelude::*;","highlight_start":5,"highlight_end":27}],"label":null,"suggested_replacement":null,"suggestion_applicability":null,"expansion":null}],"children":[],"rendered":null}],"rendered":"\u001b[0m\u001b[1m\u001b[38;5;9merror\u001b[0m\u001b[0m\u001b[1m: cannot find derive macro `Routable` in this scope\u001b[0m\n\u001b[0m  \u001b[0m\u001b[0m\u001b[1m\u001b[38;5;12m--> \u001b[0m\u001b[0msrc/lib.rs:15:10\u001b[0m\n\u001b[0m   \u001b[0m\u001b[0m\u001b[1m\u001b[38;5;12m|\u001b[0m\n\u001b[0m\u001b[1m\u001b[38;5;12m15\u001b[0m\u001b[0m \u001b[0m\u001b[0m\u001b[1m\u001b[38;5;12m|\u001b[0m\u001b[0m \u001b[0m\u001b[0m#[derive(Routable, PartialEq, Clone, Debug)]\u001b[0m\n\u001b[0m   \u001b[0m\u001b[0m\u001b[1m\u001b[38;5;12m| \u001b[0m\u001b[0m         \u001b[0m\u001b[0m\u001b[1m\u001b[38;5;9m^^^^^^^^\u001b[0m\n\u001b[0m   \u001b[0m\u001b[0m\u001b[1m\u001b[38;5;12m|\u001b[0m\n\u001b[0m\u001b[1m\u001b[38;5;10mnote\u001b[0m\u001b[0m: `Routable` is imported here, but it is a type alias, not a derive macro\u001b[0m\n\u001b[0m  \u001b[0m\u001b[0m\u001b[1m\u001b[38;5;12m--> \u001b[0m\u001b[0msrc/lib.rs:12:5\u001b[0m\n\u001b[0m   \u001b[0m\u001b[0m\u001b[1m\u001b[38;5;12m|\u001b[0m\n\u001b[0m\u001b[1m\u001b[38;5;12m12\u001b[0m\u001b[0m \u001b[0m\u001b[0m\u001b[1m\u001b[38;5;12m|\u001b[0m\u001b[0m \u001b[0m\u001b[0muse yew_router::prelude::*;\u001b[0m\n\u001b[0m   \u001b[0m\u001b[0m\u001b[1m\u001b[38;5;12m| \u001b[0m\u001b[0m    \u001b[0m\u001b[0m\u001b[1m\u001b[38;5;10m^^^^^^^^^^^^^^^^^^^^^^\u001b[0m\n\n"}
{"message":"cannot find attribute `at` in this scope","code":null,"level":"error","spans":[{"file_name":"src/lib.rs","byte_start":355,"byte_end":357,"line_start":17,"line_end":17,"column_start":7,"column_end":9,"is_primary":true,"text":[{"text":"    #[at(\"/\")]","highlight_start":7,"highlight_end":9}],"label":null,"suggested_replacement":null,"suggestion_applicability":null,"expansion":null}],"children":[],"rendered":"\u001b[0m\u001b[1m\u001b[38;5;9merror\u001b[0m\u001b[0m\u001b[1m: cannot find attribute `at` in this scope\u001b[0m\n\u001b[0m  \u001b[0m\u001b[0m\u001b[1m\u001b[38;5;12m--> \u001b[0m\u001b[0msrc/lib.rs:17:7\u001b[0m\n\u001b[0m   \u001b[0m\u001b[0m\u001b[1m\u001b[38;5;12m|\u001b[0m\n\u001b[0m\u001b[1m\u001b[38;5;12m17\u001b[0m\u001b[0m \u001b[0m\u001b[0m\u001b[1m\u001b[38;5;12m|\u001b[0m\u001b[0m \u001b[0m\u001b[0m    #[at(\"/\")]\u001b[0m\n\u001b[0m   \u001b[0m\u001b[0m\u001b[1m\u001b[38;5;12m| \u001b[0m\u001b[0m      \u001b[0m\u001b[0m\u001b[1m\u001b[38;5;9m^^\u001b[0m\n\n"}
{"message":"cannot find attribute `at` in this scope","code":null,"level":"error","spans":[{"file_name":"src/lib.rs","byte_start":380,"byte_end":382,"line_start":19,"line_end":19,"column_start":7,"column_end":9,"is_primary":true,"text":[{"text":"    #[at(\"/about\")]","highlight_start":7,"highlight_end":9}],"label":null,"suggested_replacement":null,"suggestion_applicability":null,"expansion":null}],"children":[],"rendered":"\u001b[0m\u001b[1m\u001b[38;5;9merror\u001b[0m\u001b[0m\u001b[1m: cannot find attribute `at` in this scope\u001b[0m\n\u001b[0m  \u001b[0m\u001b[0m\u001b[1m\u001b[38;5;12m--> \u001b[0m\u001b[0msrc/lib.rs:19:7\u001b[0m\n\u001b[0m   \u001b[0m\u001b[0m\u001b[1m\u001b[38;5;12m|\u001b[0m\n\u001b[0m\u001b[1m\u001b[38;5;12m19\u001b[0m\u001b[0m \u001b[0m\u001b[0m\u001b[1m\u001b[38;5;12m|\u001b[0m\u001b[0m \u001b[0m\u001b[0m    #[at(\"/about\")]\u001b[0m\n\u001b[0m   \u001b[0m\u001b[0m\u001b[1m\u001b[38;5;12m| \u001b[0m\u001b[0m      \u001b[0m\u001b[0m\u001b[1m\u001b[38;5;9m^^\u001b[0m\n\n"}
{"message":"cannot find attribute `at` in this scope","code":null,"level":"error","spans":[{"file_name":"src/lib.rs","byte_start":411,"byte_end":413,"line_start":21,"line_end":21,"column_start":7,"column_end":9,"is_primary":true,"text":[{"text":"    #[at(\"/experience\")]","highlight_start":7,"highlight_end":9}],"label":null,"suggested_replacement":null,"suggestion_applicability":null,"expansion":null}],"children":[],"rendered":"\u001b[0m\u001b[1m\u001b[38;5;9merror\u001b[0m\u001b[0m\u001b[1m: cannot find attribute `at` in this scope\u001b[0m\n\u001b[0m  \u001b[0m\u001b[0m\u001b[1m\u001b[38;5;12m--> \u001b[0m\u001b[0msrc/lib.rs:21:7\u001b[0m\n\u001b[0m   \u001b[0m\u001b[0m\u001b[1m\u001b[38;5;12m|\u001b[0m\n\u001b[0m\u001b[1m\u001b[38;5;12m21\u001b[0m\u001b[0m \u001b[0m\u001b[0m\u001b[1m\u001b[38;5;12m|\u001b[0m\u001b[0m \u001b[0m\u001b[0m    #[at(\"/experience\")]\u001b[0m\n\u001b[0m   \u001b[0m\u001b[0m\u001b[1m\u001b[38;5;12m| \u001b[0m\u001b[0m      \u001b[0m\u001b[0m\u001b[1m\u001b[38;5;9m^^\u001b[0m\n\n"}
{"message":"cannot find attribute `at` in this scope","code":null,"level":"error","spans":[{"file_name":"src/lib.rs","byte_start":452,"byte_end":454,"line_start":23,"line_end":23,"column_start":7,"column_end":9,"is_primary":true,"text":[{"text":"    #[at(\"/projects\")]","highlight_start":7,"highlight_end":9}],"label":null,"suggested_replacement":null,"suggestion_applicability":null,"expansion":null}],"children":[],"rendered":"\u001b[0m\u001b[1m\u001b[38;5;9merror\u001b[0m\u001b[0m\u001b[1m: cannot find attribute `at` in this scope\u001b[0m\n\u001b[0m  \u001b[0m\u001b[0m\u001b[1m\u001b[38;5;12m--> \u001b[0m\u001b[0msrc/lib.rs:23:7\u001b[0m\n\u001b[0m   \u001b[0m\u001b[0m\u001b[1m\u001b[38;5;12m|\u001b[0m\n\u001b[0m\u001b[1m\u001b[38;5;12m23\u001b[0m\u001b[0m \u001b[0m\u001b[0m\u001b[1m\u001b[38;5;12m|\u001b[0m\u001b[0m \u001b[0m\u001b[0m    #[at(\"/projects\")]\u001b[0m\n\u001b[0m   \u001b[0m\u001b[0m\u001b[1m\u001b[38;5;12m| \u001b[0m\u001b[0m      \u001b[0m\u001b[0m\u001b[1m\u001b[38;5;9m^^\u001b[0m\n\n"}
{"message":"cannot find attribute `at` in this scope","code":null,"level":"error","spans":[{"file_name":"src/lib.rs","byte_start":489,"byte_end":491,"line_start":25,"line_end":25,"column_start":7,"column_end":9,"is_primary":true,"text":[{"text":"    #[at(\"/contact\")]","highlight_start":7,"highlight_end":9}],"label":null,"suggested_replacement":null,"suggestion_applicability":null,"expansion":null}],"children":[],"rendered":"\u001b[0m\u001b[1m\u001b[38;5;9merror\u001b[0m\u001b[0m\u001b[1m: cannot find attribute `at` in this scope\u001b[0m\n\u001b[0m  \u001b[0m\u001b[0m\u001b[1m\u001b[38;5;12m--> \u001b[0m\u001b[0msrc/lib.rs:25:7\u001b[0m\n\u001b[0m   \u001b[0m\u001b[0m\u001b[1m\u001b[38;5;12m|\u001b[0m\n\u001b[0m\u001b[1m\u001b[38;5;12m25\u001b[0m\u001b[0m \u001b[0m\u001b[0m\u001b[1m\u001b[38;5;12m|\u001b[0m\u001b[0m \u001b[0m\u001b[0m    #[at(\"/contact\")]\u001b[0m\n\u001b[0m   \u001b[0m\u001b[0m\u001b[1m\u001b[38;5;12m| \u001b[0m\u001b[0m      \u001b[0m\u001b[0m\u001b[1m\u001b[38;5;9m^^\u001b[0m\n\n"}
{"message":"cannot find type `BrowserRouter` in this scope","code":{"code":"E0412","explanation":"A used type name is not in scope.\n\nErroneous code examples:\n\n```compile_fail,E0412\nimpl Something {} // error: type name `Something` is not in scope\n\n// or:\n\ntrait Foo {\n    fn bar(N); // error: type name `N` is not in scope\n}\n\n// or:\n\nfn foo(x: T) {} // type name `T` is not in scope\n```\n\nTo fix this error, please verify you didn't misspell the type name, you did\ndeclare it or imported it into the scope. Examples:\n\n```\nstruct Something;\n\nimpl Something {} // ok!\n\n// or:\n\ntrait Foo {\n    type N;\n\n    fn bar(_: Self::N); // ok!\n}\n\n// or:\n\nfn foo<T>(x: T) {} // ok!\n```\n\nAnother case that causes this error is when a type is imported into a parent\nmodule. To fix this, you can follow the suggestion and use File directly or\n`use super::File;` which will import the types from the parent namespace. An\nexample that causes this error is below:\n\n```compile_fail,E0412\nuse std::fs::File;\n\nmod foo {\n    fn some_function(f: File) {}\n}\n```\n\n```\nuse std::fs::File;\n\nmod foo {\n    // either\n    use super::File;\n    // or\n    // use std::fs::File;\n    fn foo(f: File) {}\n}\n# fn main() {} // don't insert it for us; that'll break imports\n```\n"},"level":"error","spans":[{"file_name":"src/lib.rs","byte_start":1165,"byte_end":1178,"line_start":53,"line_end":53,"column_start":15,"column_end":28,"is_primary":true,"text":[{"text":"            </BrowserRouter>","highlight_start":15,"highlight_end":28}],"label":"not found in this scope","suggested_replacement":null,"suggestion_applicability":null,"expansion":null}],"children":[],"rendered":"\u001b[0m\u001b[1m\u001b[38;5;9merror[E0412]\u001b[0m\u001b[0m\u001b[1m: cannot find type `BrowserRouter` in this scope\u001b[0m\n\u001b[0m  \u001b[0m\u001b[0m\u001b[1m\u001b[38;5;12m--> \u001b[0m\u001b[0msrc/lib.rs:53:15\u001b[0m\n\u001b[0m   \u001b[0m\u001b[0m\u001b[1m\u001b[38;5;12m|\u001b[0m\n\u001b[0m\u001b[1m\u001b[38;5;12m53\u001b[0m\u001b[0m \u001b[0m\u001b[0m\u001b[1m\u001b[38;5;12m|\u001b[0m\u001b[0m \u001b[0m\u001b[0m            </BrowserRouter>\u001b[0m\n\u001b[0m   \u001b[0m\u001b[0m\u001b[1m\u001b[38;5;12m| \u001b[0m\u001b[0m              \u001b[0m\u001b[0m\u001b[1m\u001b[38;5;9m^^^^^^^^^^^^^\u001b[0m\u001b[0m \u001b[0m\u001b[0m\u001b[1m\u001b[38;5;9mnot found in this scope\u001b[0m\n\n"}
{"message":"cannot find type `BrowserRouter` in this scope","code":{"code":"E0412","explanation":"A used type name is not in scope.\n\nErroneous code examples:\n\n```compile_fail,E0412\nimpl Something {} // error: type name `Something` is not in scope\n\n// or:\n\ntrait Foo {\n    fn bar(N); // error: type name `N` is not in scope\n}\n\n// or:\n\nfn foo(x: T) {} // type name `T` is not in scope\n```\n\nTo fix this error, please verify you didn't misspell the type name, you did\ndeclare it or imported it into the scope. Examples:\n\n```\nstruct Something;\n\nimpl Something {} // ok!\n\n// or:\n\ntrait Foo {\n    type N;\n\n    fn bar(_: Self::N); // ok!\n}\n\n// or:\n\nfn foo<T>(x: T) {} // ok!\n```\n\nAnother case that causes this error is when a type is imported into a parent\nmodule. To fix this, you can follow the suggestion and use File directly or\n`use super::File;` which will import the types from the parent namespace. An\nexample that causes this error is below:\n\n```compile_fail,E0412\nuse std::fs::File;\n\nmod foo {\n    fn some_function(f: File) {}\n}\n```\n\n```\nuse std::fs::File;\n\nmod foo {\n    // either\n    use super::File;\n    // or\n    // use std::fs::File;\n    fn foo(f: File) {}\n}\n# fn main() {} // don't insert it for us; that'll break imports\n```\n"},"level":"error","spans":[{"file_name":"src/lib.rs","byte_start":1070,"byte_end":1083,"line_start":51,"line_end":51,"column_start":14,"column_end":27,"is_primary":true,"text":[{"text":"            <BrowserRouter>","highlight_start":14,"highlight_end":27}],"label":"not found in this scope","suggested_replacement":null,"suggestion_applicability":null,"expansion":null}],"children":[],"rendered":"\u001b[0m\u001b[1m\u001b[38;5;9merror[E0412]\u001b[0m\u001b[0m\u001b[1m: cannot find type `BrowserRouter` in this scope\u001b[0m\n\u001b[0m  \u001b[0m\u001b[0m\u001b[1m\u001b[38;5;12m--> \u001b[0m\u001b[0msrc/lib.rs:51:14\u001b[0m\n\u001b[0m   \u001b[0m\u001b[0m\u001b[1m\u001b[38;5;12m|\u001b[0m\n\u001b[0m\u001b[1m\u001b[38;5;12m51\u001b[0m\u001b[0m \u001b[0m\u001b[0m\u001b[1m\u001b[38;5;12m|\u001b[0m\u001b[0m \u001b[0m\u001b[0m            <BrowserRouter>\u001b[0m\n\u001b[0m   \u001b[0m\u001b[0m\u001b[1m\u001b[38;5;12m| \u001b[0m\u001b[0m             \u001b[0m\u001b[0m\u001b[1m\u001b[38;5;9m^^^^^^^^^^^^^\u001b[0m\u001b[0m \u001b[0m\u001b[0m\u001b[1m\u001b[38;5;9mnot found in this scope\u001b[0m\n\n"}
{"message":"cannot find type `BrowserRouter` in this scope","code":{"code":"E0412","explanation":"A used type name is not in scope.\n\nErroneous code examples:\n\n```compile_fail,E0412\nimpl Something {} // error: type name `Something` is not in scope\n\n// or:\n\ntrait Foo {\n    fn bar(N); // error: type name `N` is not in scope\n}\n\n// or:\n\nfn foo(x: T) {} // type name `T` is not in scope\n```\n\nTo fix this error, please verify you didn't misspell the type name, you did\ndeclare it or imported it into the scope. Examples:\n\n```\nstruct Something;\n\nimpl Something {} // ok!\n\n// or:\n\ntrait Foo {\n    type N;\n\n    fn bar(_: Self::N); // ok!\n}\n\n// or:\n\nfn foo<T>(x: T) {} // ok!\n```\n\nAnother case that causes this error is when a type is imported into a parent\nmodule. To fix this, you can follow the suggestion and use File directly or\n`use super::File;` which will import the types from the parent namespace. An\nexample that causes this error is below:\n\n```compile_fail,E0412\nuse std::fs::File;\n\nmod foo {\n    fn some_function(f: File) {}\n}\n```\n\n```\nuse std::fs::File;\n\nmod foo {\n    // either\n    use super::File;\n    // or\n    // use std::fs::File;\n    fn foo(f: File) {}\n}\n# fn main() {} // don't insert it for us; that'll break imports\n```\n"},"level":"error","spans":[{"file_name":"src/lib.rs","byte_start":1070,"byte_end":1083,"line_start":51,"line_end":51,"column_start":14,"column_end":27,"is_primary":true,"text":[{"text":"            <BrowserRouter>","highlight_start":14,"highlight_end":27}],"label":"not found in this scope","suggested_replacement":null,"suggestion_applicability":null,"expansion":null}],"children":[{"message":"you might be missing a type parameter","code":null,"level":"help","spans":[{"file_name":"src/lib.rs","byte_start":853,"byte_end":853,"line_start":41,"line_end":41,"column_start":5,"column_end":5,"is_primary":true,"text":[{"text":"impl Component for App {","highlight_start":5,"highlight_end":5}],"label":null,"suggested_replacement":"<BrowserRouter>","suggestion_applicability":"MaybeIncorrect","expansion":null}],"children":[],"rendered":null}],"rendered":"\u001b[0m\u001b[1m\u001b[38;5;9merror[E0412]\u001b[0m\u001b[0m\u001b[1m: cannot find type `BrowserRouter` in this scope\u001b[0m\n\u001b[0m  \u001b[0m\u001b[0m\u001b[1m\u001b[38;5;12m--> \u001b[0m\u001b[0msrc/lib.rs:51:14\u001b[0m\n\u001b[0m   \u001b[0m\u001b[0m\u001b[1m\u001b[38;5;12m|\u001b[0m\n\u001b[0m\u001b[1m\u001b[38;5;12m51\u001b[0m\u001b[0m \u001b[0m\u001b[0m\u001b[1m\u001b[38;5;12m|\u001b[0m\u001b[0m \u001b[0m\u001b[0m            <BrowserRouter>\u001b[0m\n\u001b[0m   \u001b[0m\u001b[0m\u001b[1m\u001b[38;5;12m| \u001b[0m\u001b[0m             \u001b[0m\u001b[0m\u001b[1m\u001b[38;5;9m^^^^^^^^^^^^^\u001b[0m\u001b[0m \u001b[0m\u001b[0m\u001b[1m\u001b[38;5;9mnot found in this scope\u001b[0m\n\u001b[0m   \u001b[0m\u001b[0m\u001b[1m\u001b[38;5;12m|\u001b[0m\n\u001b[0m\u001b[1m\u001b[38;5;14mhelp\u001b[0m\u001b[0m: you might be missing a type parameter\u001b[0m\n\u001b[0m   \u001b[0m\u001b[0m\u001b[1m\u001b[38;5;12m|\u001b[0m\n\u001b[0m\u001b[1m\u001b[38;5;12m41\u001b[0m\u001b[0m \u001b[0m\u001b[0m\u001b[1m\u001b[38;5;12m| \u001b[0m\u001b[0mimpl\u001b[0m\u001b[0m\u001b[38;5;10m<BrowserRouter>\u001b[0m\u001b[0m Component for App {\u001b[0m\n\u001b[0m   \u001b[0m\u001b[0m\u001b[1m\u001b[38;5;12m|\u001b[0m\u001b[0m     \u001b[0m\u001b[0m\u001b[38;5;10m+++++++++++++++\u001b[0m\n\n"}
{"message":"cannot find function `start_app` in crate `yew`","code":{"code":"E0425","explanation":"An unresolved name was used.\n\nErroneous code examples:\n\n```compile_fail,E0425\nsomething_that_doesnt_exist::foo;\n// error: unresolved name `something_that_doesnt_exist::foo`\n\n// or:\n\ntrait Foo {\n    fn bar() {\n        Self; // error: unresolved name `Self`\n    }\n}\n\n// or:\n\nlet x = unknown_variable;  // error: unresolved name `unknown_variable`\n```\n\nPlease verify that the name wasn't misspelled and ensure that the\nidentifier being referred to is valid for the given situation. Example:\n\n```\nenum something_that_does_exist {\n    Foo,\n}\n```\n\nOr:\n\n```\nmod something_that_does_exist {\n    pub static foo : i32 = 0i32;\n}\n\nsomething_that_does_exist::foo; // ok!\n```\n\nOr:\n\n```\nlet unknown_variable = 12u32;\nlet x = unknown_variable; // ok!\n```\n\nIf the item is not defined in the current module, it must be imported using a\n`use` statement, like so:\n\n```\n# mod foo { pub fn bar() {} }\n# fn main() {\nuse foo::bar;\nbar();\n# }\n```\n\nIf the item you are importing is not defined in some super-module of the\ncurrent module, then it must also be declared as public (e.g., `pub fn`).\n"},"level":"error","spans":[{"file_name":"src/lib.rs","byte_start":1220,"byte_end":1229,"line_start":59,"line_end":59,"column_start":10,"column_end":19,"is_primary":true,"text":[{"text":"    yew::start_app::<App>();","highlight_start":10,"highlight_end":19}],"label":"not found in `yew`","suggested_replacement":null,"suggestion_applicability":null,"expansion":null}],"children":[],"rendered":"\u001b[0m\u001b[1m\u001b[38;5;9merror[E0425]\u001b[0m\u001b[0m\u001b[1m: cannot find function `start_app` in crate `yew`\u001b[0m\n\u001b[0m  \u001b[0m\u001b[0m\u001b[1m\u001b[38;5;12m--> \u001b[0m\u001b[0msrc/lib.rs:59:10\u001b[0m\n\u001b[0m   \u001b[0m\u001b[0m\u001b[1m\u001b[38;5;12m|\u001b[0m\n\u001b[0m\u001b[1m\u001b[38;5;12m59\u001b[0m\u001b[0m \u001b[0m\u001b[0m\u001b[1m\u001b[38;5;12m|\u001b[0m\u001b[0m \u001b[0m\u001b[0m    yew::start_app::<App>();\u001b[0m\n\u001b[0m   \u001b[0m\u001b[0m\u001b[1m\u001b[38;5;12m| \u001b[0m\u001b[0m         \u001b[0m\u001b[0m\u001b[1m\u001b[38;5;9m^^^^^^^^^\u001b[0m\u001b[0m \u001b[0m\u001b[0m\u001b[1m\u001b[38;5;9mnot found in `yew`\u001b[0m\n\n"}
{"message":"module `about` is private","code":{"code":"E0603","explanation":"A private item was used outside its scope.\n\nErroneous code example:\n\n```compile_fail,E0603\nmod foo {\n    const PRIVATE: u32 = 0x_a_bad_1dea_u32; // This const is private, so we\n                                            // can't use it outside of the\n                                            // `foo` module.\n}\n\nprintln!(\"const value: {}\", foo::PRIVATE); // error: constant `PRIVATE`\n                                                  //        is private\n```\n\nIn order to fix this error, you need to make the item public by using the `pub`\nkeyword. Example:\n\n```\nmod foo {\n    pub const PRIVATE: u32 = 0x_a_bad_1dea_u32; // We set it public by using the\n                                                // `pub` keyword.\n}\n\nprintln!(\"const value: {}\", foo::PRIVATE); // ok!\n```\n"},"level":"error","spans":[{"file_name":"src/lib.rs","byte_start":189,"byte_end":194,"line_start":13,"line_end":13,"column_start":18,"column_end":23,"is_primary":true,"text":[{"text":"use components::{about::About, contact::Contact, experience::Experience, homepage::Homepage, projects::Projects};","highlight_start":18,"highlight_end":23}],"label":"private module","suggested_replacement":null,"suggestion_applicability":null,"expansion":null}],"children":[{"message":"the module `about` is defined here","code":null,"level":"note","spans":[{"file_name":"src/lib.rs","byte_start":36,"byte_end":46,"line_start":4,"line_end":4,"column_start":5,"column_end":15,"is_primary":true,"text":[{"text":"    mod about;","highlight_start":5,"highlight_end":15}],"label":null,"suggested_replacement":null,"suggestion_applicability":null,"expansion":null}],"children":[],"rendered":null}],"rendered":"\u001b[0m\u001b[1m\u001b[38;5;9merror[E0603]\u001b[0m\u001b[0m\u001b[1m: module `about` is private\u001b[0m\n\u001b[0m  \u001b[0m\u001b[0m\u001b[1m\u001b[38;5;12m--> \u001b[0m\u001b[0msrc/lib.rs:13:18\u001b[0m\n\u001b[0m   \u001b[0m\u001b[0m\u001b[1m\u001b[38;5;12m|\u001b[0m\n\u001b[0m\u001b[1m\u001b[38;5;12m13\u001b[0m\u001b[0m \u001b[0m\u001b[0m\u001b[1m\u001b[38;5;12m|\u001b[0m\u001b[0m \u001b[0m\u001b[0muse components::{about::About, contact::Contact, experience::Experience, homepage::Homepage, projects::Pr\u001b[0m\u001b[0m\u001b[1m\u001b[38;5;12m...\u001b[0m\n\u001b[0m   \u001b[0m\u001b[0m\u001b[1m\u001b[38;5;12m| \u001b[0m\u001b[0m                 \u001b[0m\u001b[0m\u001b[1m\u001b[38;5;9m^^^^^\u001b[0m\u001b[0m \u001b[0m\u001b[0m\u001b[1m\u001b[38;5;9mprivate module\u001b[0m\n\u001b[0m   \u001b[0m\u001b[0m\u001b[1m\u001b[38;5;12m|\u001b[0m\n\u001b[0m\u001b[1m\u001b[38;5;10mnote\u001b[0m\u001b[0m: the module `about` is defined here\u001b[0m\n\u001b[0m  \u001b[0m\u001b[0m\u001b[1m\u001b[38;5;12m--> \u001b[0m\u001b[0msrc/lib.rs:4:5\u001b[0m\n\u001b[0m   \u001b[0m\u001b[0m\u001b[1m\u001b[38;5;12m|\u001b[0m\n\u001b[0m\u001b[1m\u001b[38;5;12m4\u001b[0m\u001b[0m  \u001b[0m\u001b[0m\u001b[1m\u001b[38;5;12m|\u001b[0m\u001b[0m \u001b[0m\u001b[0m    mod about;\u001b[0m\n\u001b[0m   \u001b[0m\u001b[0m\u001b[1m\u001b[38;5;12m| \u001b[0m\u001b[0m    \u001b[0m\u001b[0m\u001b[1m\u001b[38;5;10m^^^^^^^^^^\u001b[0m\n\n"}
{"message":"module `contact` is private","code":{"code":"E0603","explanation":"A private item was used outside its scope.\n\nErroneous code example:\n\n```compile_fail,E0603\nmod foo {\n    const PRIVATE: u32 = 0x_a_bad_1dea_u32; // This const is private, so we\n                                            // can't use it outside of the\n                                            // `foo` module.\n}\n\nprintln!(\"const value: {}\", foo::PRIVATE); // error: constant `PRIVATE`\n                                                  //        is private\n```\n\nIn order to fix this error, you need to make the item public by using the `pub`\nkeyword. Example:\n\n```\nmod foo {\n    pub const PRIVATE: u32 = 0x_a_bad_1dea_u32; // We set it public by using the\n                                                // `pub` keyword.\n}\n\nprintln!(\"const value: {}\", foo::PRIVATE); // ok!\n```\n"},"level":"error","spans":[{"file_name":"src/lib.rs","byte_start":203,"byte_end":210,"line_start":13,"line_end":13,"column_start":32,"column_end":39,"is_primary":true,"text":[{"text":"use components::{about::About, contact::Contact, experience::Experience, homepage::Homepage, projects::Projects};","highlight_start":32,"highlight_end":39}],"label":"private module","suggested_replacement":null,"suggestion_applicability":null,"expansion":null}],"children":[{"message":"the module `contact` is defined here","code":null,"level":"note","spans":[{"file_name":"src/lib.rs","byte_start":51,"byte_end":63,"line_start":5,"line_end":5,"column_start":5,"column_end":17,"is_primary":true,"text":[{"text":"    mod contact;","highlight_start":5,"highlight_end":17}],"label":null,"suggested_replacement":null,"suggestion_applicability":null,"expansion":null}],"children":[],"rendered":null}],"rendered":"\u001b[0m\u001b[1m\u001b[38;5;9merror[E0603]\u001b[0m\u001b[0m\u001b[1m: module `contact` is private\u001b[0m\n\u001b[0m  \u001b[0m\u001b[0m\u001b[1m\u001b[38;5;12m--> \u001b[0m\u001b[0msrc/lib.rs:13:32\u001b[0m\n\u001b[0m   \u001b[0m\u001b[0m\u001b[1m\u001b[38;5;12m|\u001b[0m\n\u001b[0m\u001b[1m\u001b[38;5;12m13\u001b[0m\u001b[0m \u001b[0m\u001b[0m\u001b[1m\u001b[38;5;12m|\u001b[0m\u001b[0m \u001b[0m\u001b[0muse components::{about::About, contact::Contact, experience::Experience, homepage::Homepage, projects::Pr\u001b[0m\u001b[0m\u001b[1m\u001b[38;5;12m...\u001b[0m\n\u001b[0m   \u001b[0m\u001b[0m\u001b[1m\u001b[38;5;12m| \u001b[0m\u001b[0m                               \u001b[0m\u001b[0m\u001b[1m\u001b[38;5;9m^^^^^^^\u001b[0m\u001b[0m \u001b[0m\u001b[0m\u001b[1m\u001b[38;5;9mprivate module\u001b[0m\n\u001b[0m   \u001b[0m\u001b[0m\u001b[1m\u001b[38;5;12m|\u001b[0m\n\u001b[0m\u001b[1m\u001b[38;5;10mnote\u001b[0m\u001b[0m: the module `contact` is defined here\u001b[0m\n\u001b[0m  \u001b[0m\u001b[0m\u001b[1m\u001b[38;5;12m--> \u001b[0m\u001b[0msrc/lib.rs:5:5\u001b[0m\n\u001b[0m   \u001b[0m\u001b[0m\u001b[1m\u001b[38;5;12m|\u001b[0m\n\u001b[0m\u001b[1m\u001b[38;5;12m5\u001b[0m\u001b[0m  \u001b[0m\u001b[0m\u001b[1m\u001b[38;5;12m|\u001b[0m\u001b[0m \u001b[0m\u001b[0m    mod contact;\u001b[0m\n\u001b[0m   \u001b[0m\u001b[0m\u001b[1m\u001b[38;5;12m| \u001b[0m\u001b[0m    \u001b[0m\u001b[0m\u001b[1m\u001b[38;5;10m^^^^^^^^^^^^\u001b[0m\n\n"}
{"message":"module `experience` is private","code":{"code":"E0603","explanation":"A private item was used outside its scope.\n\nErroneous code example:\n\n```compile_fail,E0603\nmod foo {\n    const PRIVATE: u32 = 0x_a_bad_1dea_u32; // This const is private, so we\n                                            // can't use it outside of the\n                                            // `foo` module.\n}\n\nprintln!(\"const value: {}\", foo::PRIVATE); // error: constant `PRIVATE`\n                                                  //        is private\n```\n\nIn order to fix this error, you need to make the item public by using the `pub`\nkeyword. Example:\n\n```\nmod foo {\n    pub const PRIVATE: u32 = 0x_a_bad_1dea_u32; // We set it public by using the\n                                                // `pub` keyword.\n}\n\nprintln!(\"const value: {}\", foo::PRIVATE); // ok!\n```\n"},"level":"error","spans":[{"file_name":"src/lib.rs","byte_start":221,"byte_end":231,"line_start":13,"line_end":13,"column_start":50,"column_end":60,"is_primary":true,"text":[{"text":"use components::{about::About, contact::Contact, experience::Experience, homepage::Homepage, projects::Projects};","highlight_start":50,"highlight_end":60}],"label":"private module","suggested_replacement":null,"suggestion_applicability":null,"expansion":null}],"children":[{"message":"the module `experience` is defined here","code":null,"level":"note","spans":[{"file_name":"src/lib.rs","byte_start":68,"byte_end":83,"line_start":6,"line_end":6,"column_start":5,"column_end":20,"is_primary":true,"text":[{"text":"    mod experience;","highlight_start":5,"highlight_end":20}],"label":null,"suggested_replacement":null,"suggestion_applicability":null,"expansion":null}],"children":[],"rendered":null}],"rendered":"\u001b[0m\u001b[1m\u001b[38;5;9merror[E0603]\u001b[0m\u001b[0m\u001b[1m: module `experience` is private\u001b[0m\n\u001b[0m  \u001b[0m\u001b[0m\u001b[1m\u001b[38;5;12m--> \u001b[0m\u001b[0msrc/lib.rs:13:50\u001b[0m\n\u001b[0m   \u001b[0m\u001b[0m\u001b[1m\u001b[38;5;12m|\u001b[0m\n\u001b[0m\u001b[1m\u001b[38;5;12m13\u001b[0m\u001b[0m \u001b[0m\u001b[0m\u001b[1m\u001b[38;5;12m|\u001b[0m\u001b[0m \u001b[0m\u001b[0muse components::{about::About, contact::Contact, experience::Experience, homepage::Homepage, projects::Pr\u001b[0m\u001b[0m\u001b[1m\u001b[38;5;12m...\u001b[0m\n\u001b[0m   \u001b[0m\u001b[0m\u001b[1m\u001b[38;5;12m| \u001b[0m\u001b[0m                                                 \u001b[0m\u001b[0m\u001b[1m\u001b[38;5;9m^^^^^^^^^^\u001b[0m\u001b[0m \u001b[0m\u001b[0m\u001b[1m\u001b[38;5;9mprivate module\u001b[0m\n\u001b[0m   \u001b[0m\u001b[0m\u001b[1m\u001b[38;5;12m|\u001b[0m\n\u001b[0m\u001b[1m\u001b[38;5;10mnote\u001b[0m\u001b[0m: the module `experience` is defined here\u001b[0m\n\u001b[0m  \u001b[0m\u001b[0m\u001b[1m\u001b[38;5;12m--> \u001b[0m\u001b[0msrc/lib.rs:6:5\u001b[0m\n\u001b[0m   \u001b[0m\u001b[0m\u001b[1m\u001b[38;5;12m|\u001b[0m\n\u001b[0m\u001b[1m\u001b[38;5;12m6\u001b[0m\u001b[0m  \u001b[0m\u001b[0m\u001b[1m\u001b[38;5;12m|\u001b[0m\u001b[0m \u001b[0m\u001b[0m    mod experience;\u001b[0m\n\u001b[0m   \u001b[0m\u001b[0m\u001b[1m\u001b[38;5;12m| \u001b[0m\u001b[0m    \u001b[0m\u001b[0m\u001b[1m\u001b[38;5;10m^^^^^^^^^^^^^^^\u001b[0m\n\n"}
{"message":"module `homepage` is private","code":{"code":"E0603","explanation":"A private item was used outside its scope.\n\nErroneous code example:\n\n```compile_fail,E0603\nmod foo {\n    const PRIVATE: u32 = 0x_a_bad_1dea_u32; // This const is private, so we\n                                            // can't use it outside of the\n                                            // `foo` module.\n}\n\nprintln!(\"const value: {}\", foo::PRIVATE); // error: constant `PRIVATE`\n                                                  //        is private\n```\n\nIn order to fix this error, you need to make the item public by using the `pub`\nkeyword. Example:\n\n```\nmod foo {\n    pub const PRIVATE: u32 = 0x_a_bad_1dea_u32; // We set it public by using the\n                                                // `pub` keyword.\n}\n\nprintln!(\"const value: {}\", foo::PRIVATE); // ok!\n```\n"},"level":"error","spans":[{"file_name":"src/lib.rs","byte_start":245,"byte_end":253,"line_start":13,"line_end":13,"column_start":74,"column_end":82,"is_primary":true,"text":[{"text":"use components::{about::About, contact::Contact, experience::Experience, homepage::Homepage, projects::Projects};","highlight_start":74,"highlight_end":82}],"label":"private module","suggested_replacement":null,"suggestion_applicability":null,"expansion":null}],"children":[{"message":"the module `homepage` is defined here","code":null,"level":"note","spans":[{"file_name":"src/lib.rs","byte_start":88,"byte_end":101,"line_start":7,"line_end":7,"column_start":5,"column_end":18,"is_primary":true,"text":[{"text":"    mod homepage;","highlight_start":5,"highlight_end":18}],"label":null,"suggested_replacement":null,"suggestion_applicability":null,"expansion":null}],"children":[],"rendered":null}],"rendered":"\u001b[0m\u001b[1m\u001b[38;5;9merror[E0603]\u001b[0m\u001b[0m\u001b[1m: module `homepage` is private\u001b[0m\n\u001b[0m  \u001b[0m\u001b[0m\u001b[1m\u001b[38;5;12m--> \u001b[0m\u001b[0msrc/lib.rs:13:74\u001b[0m\n\u001b[0m   \u001b[0m\u001b[0m\u001b[1m\u001b[38;5;12m|\u001b[0m\n\u001b[0m\u001b[1m\u001b[38;5;12m13\u001b[0m\u001b[0m \u001b[0m\u001b[0m\u001b[1m\u001b[38;5;12m|\u001b[0m\u001b[0m \u001b[0m\u001b[0muse components::{about::About, contact::Contact, experience::Experience, homepage::Homepage, projects::Pr\u001b[0m\u001b[0m\u001b[1m\u001b[38;5;12m...\u001b[0m\n\u001b[0m   \u001b[0m\u001b[0m\u001b[1m\u001b[38;5;12m| \u001b[0m\u001b[0m                                                                         \u001b[0m\u001b[0m\u001b[1m\u001b[38;5;9m^^^^^^^^\u001b[0m\u001b[0m \u001b[0m\u001b[0m\u001b[1m\u001b[38;5;9mprivate module\u001b[0m\n\u001b[0m   \u001b[0m\u001b[0m\u001b[1m\u001b[38;5;12m|\u001b[0m\n\u001b[0m\u001b[1m\u001b[38;5;10mnote\u001b[0m\u001b[0m: the module `homepage` is defined here\u001b[0m\n\u001b[0m  \u001b[0m\u001b[0m\u001b[1m\u001b[38;5;12m--> \u001b[0m\u001b[0msrc/lib.rs:7:5\u001b[0m\n\u001b[0m   \u001b[0m\u001b[0m\u001b[1m\u001b[38;5;12m|\u001b[0m\n\u001b[0m\u001b[1m\u001b[38;5;12m7\u001b[0m\u001b[0m  \u001b[0m\u001b[0m\u001b[1m\u001b[38;5;12m|\u001b[0m\u001b[0m \u001b[0m\u001b[0m    mod homepage;\u001b[0m\n\u001b[0m   \u001b[0m\u001b[0m\u001b[1m\u001b[38;5;12m| \u001b[0m\u001b[0m    \u001b[0m\u001b[0m\u001b[1m\u001b[38;5;10m^^^^^^^^^^^^^\u001b[0m\n\n"}
{"message":"module `projects` is private","code":{"code":"E0603","explanation":"A private item was used outside its scope.\n\nErroneous code example:\n\n```compile_fail,E0603\nmod foo {\n    const PRIVATE: u32 = 0x_a_bad_1dea_u32; // This const is private, so we\n                                            // can't use it outside of the\n                                            // `foo` module.\n}\n\nprintln!(\"const value: {}\", foo::PRIVATE); // error: constant `PRIVATE`\n                                                  //        is private\n```\n\nIn order to fix this error, you need to make the item public by using the `pub`\nkeyword. Example:\n\n```\nmod foo {\n    pub const PRIVATE: u32 = 0x_a_bad_1dea_u32; // We set it public by using the\n                                                // `pub` keyword.\n}\n\nprintln!(\"const value: {}\", foo::PRIVATE); // ok!\n```\n"},"level":"error","spans":[{"file_name":"src/lib.rs","byte_start":265,"byte_end":273,"line_start":13,"line_end":13,"column_start":94,"column_end":102,"is_primary":true,"text":[{"text":"use components::{about::About, contact::Contact, experience::Experience, homepage::Homepage, projects::Projects};","highlight_start":94,"highlight_end":102}],"label":"private module","suggested_replacement":null,"suggestion_applicability":null,"expansion":null}],"children":[{"message":"the module `projects` is defined here","code":null,"level":"note","spans":[{"file_name":"src/lib.rs","byte_start":106,"byte_end":119,"line_start":8,"line_end":8,"column_start":5,"column_end":18,"is_primary":true,"text":[{"text":"    mod projects;","highlight_start":5,"highlight_end":18}],"label":null,"suggested_replacement":null,"suggestion_applicability":null,"expansion":null}],"children":[],"rendered":null}],"rendered":"\u001b[0m\u001b[1m\u001b[38;5;9merror[E0603]\u001b[0m\u001b[0m\u001b[1m: module `projects` is private\u001b[0m\n\u001b[0m  \u001b[0m\u001b[0m\u001b[1m\u001b[38;5;12m--> \u001b[0m\u001b[0msrc/lib.rs:13:94\u001b[0m\n\u001b[0m   \u001b[0m\u001b[0m\u001b[1m\u001b[38;5;12m|\u001b[0m\n\u001b[0m\u001b[1m\u001b[38;5;12m13\u001b[0m\u001b[0m \u001b[0m\u001b[0m\u001b[1m\u001b[38;5;12m|\u001b[0m\u001b[0m \u001b[0m\u001b[0m\u001b[1m\u001b[38;5;12m...\u001b[0m\u001b[0mience::Experience, homepage::Homepage, projects::Projects};\u001b[0m\n\u001b[0m   \u001b[0m\u001b[0m\u001b[1m\u001b[38;5;12m| \u001b[0m\u001b[0m                                          \u001b[0m\u001b[0m\u001b[1m\u001b[38;5;9m^^^^^^^^\u001b[0m\u001b[0m \u001b[0m\u001b[0m\u001b[1m\u001b[38;5;9mprivate module\u001b[0m\n\u001b[0m   \u001b[0m\u001b[0m\u001b[1m\u001b[38;5;12m|\u001b[0m\n\u001b[0m\u001b[1m\u001b[38;5;10mnote\u001b[0m\u001b[0m: the module `projects` is defined here\u001b[0m\n\u001b[0m  \u001b[0m\u001b[0m\u001b[1m\u001b[38;5;12m--> \u001b[0m\u001b[0msrc/lib.rs:8:5\u001b[0m\n\u001b[0m   \u001b[0m\u001b[0m\u001b[1m\u001b[38;5;12m|\u001b[0m\n\u001b[0m\u001b[1m\u001b[38;5;12m8\u001b[0m\u001b[0m  \u001b[0m\u001b[0m\u001b[1m\u001b[38;5;12m|\u001b[0m\u001b[0m \u001b[0m\u001b[0m    mod projects;\u001b[0m\n\u001b[0m   \u001b[0m\u001b[0m\u001b[1m\u001b[38;5;12m| \u001b[0m\u001b[0m    \u001b[0m\u001b[0m\u001b[1m\u001b[38;5;10m^^^^^^^^^^^^^\u001b[0m\n\n"}
{"message":"trait takes 0 generic arguments but 1 generic argument was supplied","code":{"code":"E0107","explanation":"An incorrect number of generic arguments was provided.\n\nErroneous code example:\n\n```compile_fail,E0107\nstruct Foo<T> { x: T }\n\nstruct Bar { x: Foo }             // error: wrong number of type arguments:\n                                  //        expected 1, found 0\nstruct Baz<S, T> { x: Foo<S, T> } // error: wrong number of type arguments:\n                                  //        expected 1, found 2\n\nfn foo<T, U>(x: T, y: U) {}\nfn f() {}\n\nfn main() {\n    let x: bool = true;\n    foo::<bool>(x);                 // error: wrong number of type arguments:\n                                    //        expected 2, found 1\n    foo::<bool, i32, i32>(x, 2, 4); // error: wrong number of type arguments:\n                                    //        expected 2, found 3\n    f::<'static>();                 // error: wrong number of lifetime arguments\n                                    //        expected 0, found 1\n}\n```\n\nWhen using/declaring an item with generic arguments, you must provide the exact\nsame number:\n\n```\nstruct Foo<T> { x: T }\n\nstruct Bar<T> { x: Foo<T> }               // ok!\nstruct Baz<S, T> { x: Foo<S>, y: Foo<T> } // ok!\n\nfn foo<T, U>(x: T, y: U) {}\nfn f() {}\n\nfn main() {\n    let x: bool = true;\n    foo::<bool, u32>(x, 12);              // ok!\n    f();                                  // ok!\n}\n```\n"},"level":"error","spans":[{"file_name":"src/lib.rs","byte_start":1102,"byte_end":1108,"line_start":52,"line_end":52,"column_start":18,"column_end":24,"is_primary":true,"text":[{"text":"                <Switch<Route> render={Switch::render(switch)} />","highlight_start":18,"highlight_end":24}],"label":"expected 0 generic arguments","suggested_replacement":null,"suggestion_applicability":null,"expansion":null}],"children":[{"message":"trait defined here, with 0 generic parameters","code":null,"level":"note","spans":[{"file_name":"/Users/adityakhowal/.cargo/registry/src/index.crates.io-6f17d22bba15001f/yew-router-0.15.0/src/switch.rs","byte_start":1473,"byte_end":1479,"line_start":50,"line_end":50,"column_start":11,"column_end":17,"is_primary":true,"text":[{"text":"pub trait Switch: Sized {","highlight_start":11,"highlight_end":17}],"label":null,"suggested_replacement":null,"suggestion_applicability":null,"expansion":null}],"children":[],"rendered":null},{"message":"remove these generics","code":null,"level":"help","spans":[{"file_name":"src/lib.rs","byte_start":1108,"byte_end":1115,"line_start":52,"line_end":52,"column_start":24,"column_end":31,"is_primary":true,"text":[{"text":"                <Switch<Route> render={Switch::render(switch)} />","highlight_start":24,"highlight_end":31}],"label":null,"suggested_replacement":"","suggestion_applicability":"MaybeIncorrect","expansion":null}],"children":[],"rendered":null}],"rendered":"\u001b[0m\u001b[1m\u001b[38;5;9merror[E0107]\u001b[0m\u001b[0m\u001b[1m: trait takes 0 generic arguments but 1 generic argument was supplied\u001b[0m\n\u001b[0m  \u001b[0m\u001b[0m\u001b[1m\u001b[38;5;12m--> \u001b[0m\u001b[0msrc/lib.rs:52:18\u001b[0m\n\u001b[0m   \u001b[0m\u001b[0m\u001b[1m\u001b[38;5;12m|\u001b[0m\n\u001b[0m\u001b[1m\u001b[38;5;12m52\u001b[0m\u001b[0m \u001b[0m\u001b[0m\u001b[1m\u001b[38;5;12m|\u001b[0m\u001b[0m \u001b[0m\u001b[0m                <Switch<Route> render={Switch::render(switch)} />\u001b[0m\n\u001b[0m   \u001b[0m\u001b[0m\u001b[1m\u001b[38;5;12m| \u001b[0m\u001b[0m                 \u001b[0m\u001b[0m\u001b[1m\u001b[38;5;9m^^^^^^\u001b[0m\u001b[0m\u001b[1m\u001b[38;5;12m-------\u001b[0m\u001b[0m \u001b[0m\u001b[0m\u001b[1m\u001b[38;5;12mhelp: remove these generics\u001b[0m\n\u001b[0m   \u001b[0m\u001b[0m\u001b[1m\u001b[38;5;12m| \u001b[0m\u001b[0m                 \u001b[0m\u001b[0m\u001b[1m\u001b[38;5;9m|\u001b[0m\n\u001b[0m   \u001b[0m\u001b[0m\u001b[1m\u001b[38;5;12m| \u001b[0m\u001b[0m                 \u001b[0m\u001b[0m\u001b[1m\u001b[38;5;9mexpected 0 generic arguments\u001b[0m\n\u001b[0m   \u001b[0m\u001b[0m\u001b[1m\u001b[38;5;12m|\u001b[0m\n\u001b[0m\u001b[1m\u001b[38;5;10mnote\u001b[0m\u001b[0m: trait defined here, with 0 generic parameters\u001b[0m\n\u001b[0m  \u001b[0m\u001b[0m\u001b[1m\u001b[38;5;12m--> \u001b[0m\u001b[0m/Users/adityakhowal/.cargo/registry/src/index.crates.io-6f17d22bba15001f/yew-router-0.15.0/src/switch.rs:50:11\u001b[0m\n\u001b[0m   \u001b[0m\u001b[0m\u001b[1m\u001b[38;5;12m|\u001b[0m\n\u001b[0m\u001b[1m\u001b[38;5;12m50\u001b[0m\u001b[0m \u001b[0m\u001b[0m\u001b[1m\u001b[38;5;12m|\u001b[0m\u001b[0m \u001b[0m\u001b[0mpub trait Switch: Sized {\u001b[0m\n\u001b[0m   \u001b[0m\u001b[0m\u001b[1m\u001b[38;5;12m| \u001b[0m\u001b[0m          \u001b[0m\u001b[0m\u001b[1m\u001b[38;5;10m^^^^^^\u001b[0m\n\n"}
{"message":"the size for values of type `(dyn yew_router::Switch + 'static)` cannot be known at compilation time","code":{"code":"E0277","explanation":"You tried to use a type which doesn't implement some trait in a place which\nexpected that trait.\n\nErroneous code example:\n\n```compile_fail,E0277\n// here we declare the Foo trait with a bar method\ntrait Foo {\n    fn bar(&self);\n}\n\n// we now declare a function which takes an object implementing the Foo trait\nfn some_func<T: Foo>(foo: T) {\n    foo.bar();\n}\n\nfn main() {\n    // we now call the method with the i32 type, which doesn't implement\n    // the Foo trait\n    some_func(5i32); // error: the trait bound `i32 : Foo` is not satisfied\n}\n```\n\nIn order to fix this error, verify that the type you're using does implement\nthe trait. Example:\n\n```\ntrait Foo {\n    fn bar(&self);\n}\n\n// we implement the trait on the i32 type\nimpl Foo for i32 {\n    fn bar(&self) {}\n}\n\nfn some_func<T: Foo>(foo: T) {\n    foo.bar(); // we can now use this method since i32 implements the\n               // Foo trait\n}\n\nfn main() {\n    some_func(5i32); // ok!\n}\n```\n\nOr in a generic context, an erroneous code example would look like:\n\n```compile_fail,E0277\nfn some_func<T>(foo: T) {\n    println!(\"{:?}\", foo); // error: the trait `core::fmt::Debug` is not\n                           //        implemented for the type `T`\n}\n\nfn main() {\n    // We now call the method with the i32 type,\n    // which *does* implement the Debug trait.\n    some_func(5i32);\n}\n```\n\nNote that the error here is in the definition of the generic function. Although\nwe only call it with a parameter that does implement `Debug`, the compiler\nstill rejects the function. It must work with all possible input types. In\norder to make this example compile, we need to restrict the generic type we're\naccepting:\n\n```\nuse std::fmt;\n\n// Restrict the input type to types that implement Debug.\nfn some_func<T: fmt::Debug>(foo: T) {\n    println!(\"{:?}\", foo);\n}\n\nfn main() {\n    // Calling the method is still fine, as i32 implements Debug.\n    some_func(5i32);\n\n    // This would fail to compile now:\n    // struct WithoutDebug;\n    // some_func(WithoutDebug);\n}\n```\n\nRust only looks at the signature of the called function, as such it must\nalready specify all requirements that will be used for every type parameter.\n"},"level":"error","spans":[{"file_name":"src/lib.rs","byte_start":1102,"byte_end":1115,"line_start":52,"line_end":52,"column_start":18,"column_end":31,"is_primary":true,"text":[{"text":"                <Switch<Route> render={Switch::render(switch)} />","highlight_start":18,"highlight_end":31}],"label":"doesn't have a size known at compile-time","suggested_replacement":null,"suggestion_applicability":null,"expansion":null}],"children":[{"message":"the trait `Sized` is not implemented for `(dyn yew_router::Switch + 'static)`","code":null,"level":"help","spans":[],"children":[],"rendered":null},{"message":"required by a bound in `yew::BaseComponent::Properties`","code":null,"level":"note","spans":[{"file_name":"/Users/adityakhowal/.cargo/git/checkouts/yew-7424ad4d701b481c/16f26d8/packages/yew/src/html/component/mod.rs","byte_start":2420,"byte_end":2430,"line_start":94,"line_end":94,"column_start":10,"column_end":20,"is_primary":false,"text":[{"text":"    type Properties: Properties;","highlight_start":10,"highlight_end":20}],"label":"required by a bound in this associated type","suggested_replacement":null,"suggestion_applicability":null,"expansion":null},{"file_name":"/Users/adityakhowal/.cargo/git/checkouts/yew-7424ad4d701b481c/16f26d8/packages/yew/src/html/component/mod.rs","byte_start":2296,"byte_end":2301,"line_start":89,"line_end":89,"column_start":26,"column_end":31,"is_primary":true,"text":[{"text":"pub trait BaseComponent: Sized + 'static {","highlight_start":26,"highlight_end":31}],"label":"required by this bound in `BaseComponent::Properties`","suggested_replacement":null,"suggestion_applicability":null,"expansion":null}],"children":[],"rendered":null}],"rendered":"\u001b[0m\u001b[1m\u001b[38;5;9merror[E0277]\u001b[0m\u001b[0m\u001b[1m: the size for values of type `(dyn yew_router::Switch + 'static)` cannot be known at compilation time\u001b[0m\n\u001b[0m  \u001b[0m\u001b[0m\u001b[1m\u001b[38;5;12m--> \u001b[0m\u001b[0msrc/lib.rs:52:18\u001b[0m\n\u001b[0m   \u001b[0m\u001b[0m\u001b[1m\u001b[38;5;12m|\u001b[0m\n\u001b[0m\u001b[1m\u001b[38;5;12m52\u001b[0m\u001b[0m \u001b[0m\u001b[0m\u001b[1m\u001b[38;5;12m|\u001b[0m\u001b[0m \u001b[0m\u001b[0m                <Switch<Route> render={Switch::render(switch)} />\u001b[0m\n\u001b[0m   \u001b[0m\u001b[0m\u001b[1m\u001b[38;5;12m| \u001b[0m\u001b[0m                 \u001b[0m\u001b[0m\u001b[1m\u001b[38;5;9m^^^^^^^^^^^^^\u001b[0m\u001b[0m \u001b[0m\u001b[0m\u001b[1m\u001b[38;5;9mdoesn't have a size known at compile-time\u001b[0m\n\u001b[0m   \u001b[0m\u001b[0m\u001b[1m\u001b[38;5;12m|\u001b[0m\n\u001b[0m   \u001b[0m\u001b[0m\u001b[1m\u001b[38;5;12m= \u001b[0m\u001b[0m\u001b[1mhelp\u001b[0m\u001b[0m: the trait `Sized` is not implemented for `(dyn yew_router::Switch + 'static)`\u001b[0m\n\u001b[0m\u001b[1m\u001b[38;5;10mnote\u001b[0m\u001b[0m: required by a bound in `yew::BaseComponent::Properties`\u001b[0m\n\u001b[0m  \u001b[0m\u001b[0m\u001b[1m\u001b[38;5;12m--> \u001b[0m\u001b[0m/Users/adityakhowal/.cargo/git/checkouts/yew-7424ad4d701b481c/16f26d8/packages/yew/src/html/component/mod.rs:89:26\u001b[0m\n\u001b[0m   \u001b[0m\u001b[0m\u001b[1m\u001b[38;5;12m|\u001b[0m\n\u001b[0m\u001b[1m\u001b[38;5;12m89\u001b[0m\u001b[0m \u001b[0m\u001b[0m\u001b[1m\u001b[38;5;12m|\u001b[0m\u001b[0m \u001b[0m\u001b[0mpub trait BaseComponent: Sized + 'static {\u001b[0m\n\u001b[0m   \u001b[0m\u001b[0m\u001b[1m\u001b[38;5;12m| \u001b[0m\u001b[0m                         \u001b[0m\u001b[0m\u001b[1m\u001b[38;5;10m^^^^^\u001b[0m\u001b[0m \u001b[0m\u001b[0m\u001b[1m\u001b[38;5;10mrequired by this bound in `BaseComponent::Properties`\u001b[0m\n\u001b[0m\u001b[1m\u001b[38;5;12m...\u001b[0m\n\u001b[0m\u001b[1m\u001b[38;5;12m94\u001b[0m\u001b[0m \u001b[0m\u001b[0m\u001b[1m\u001b[38;5;12m|\u001b[0m\u001b[0m \u001b[0m\u001b[0m    type Properties: Properties;\u001b[0m\n\u001b[0m   \u001b[0m\u001b[0m\u001b[1m\u001b[38;5;12m| \u001b[0m\u001b[0m         \u001b[0m\u001b[0m\u001b[1m\u001b[38;5;12m----------\u001b[0m\u001b[0m \u001b[0m\u001b[0m\u001b[1m\u001b[38;5;12mrequired by a bound in this associated type\u001b[0m\n\n"}
{"message":"the trait bound `(dyn yew_router::Switch + 'static): yew::Component` is not satisfied","code":{"code":"E0277","explanation":"You tried to use a type which doesn't implement some trait in a place which\nexpected that trait.\n\nErroneous code example:\n\n```compile_fail,E0277\n// here we declare the Foo trait with a bar method\ntrait Foo {\n    fn bar(&self);\n}\n\n// we now declare a function which takes an object implementing the Foo trait\nfn some_func<T: Foo>(foo: T) {\n    foo.bar();\n}\n\nfn main() {\n    // we now call the method with the i32 type, which doesn't implement\n    // the Foo trait\n    some_func(5i32); // error: the trait bound `i32 : Foo` is not satisfied\n}\n```\n\nIn order to fix this error, verify that the type you're using does implement\nthe trait. Example:\n\n```\ntrait Foo {\n    fn bar(&self);\n}\n\n// we implement the trait on the i32 type\nimpl Foo for i32 {\n    fn bar(&self) {}\n}\n\nfn some_func<T: Foo>(foo: T) {\n    foo.bar(); // we can now use this method since i32 implements the\n               // Foo trait\n}\n\nfn main() {\n    some_func(5i32); // ok!\n}\n```\n\nOr in a generic context, an erroneous code example would look like:\n\n```compile_fail,E0277\nfn some_func<T>(foo: T) {\n    println!(\"{:?}\", foo); // error: the trait `core::fmt::Debug` is not\n                           //        implemented for the type `T`\n}\n\nfn main() {\n    // We now call the method with the i32 type,\n    // which *does* implement the Debug trait.\n    some_func(5i32);\n}\n```\n\nNote that the error here is in the definition of the generic function. Although\nwe only call it with a parameter that does implement `Debug`, the compiler\nstill rejects the function. It must work with all possible input types. In\norder to make this example compile, we need to restrict the generic type we're\naccepting:\n\n```\nuse std::fmt;\n\n// Restrict the input type to types that implement Debug.\nfn some_func<T: fmt::Debug>(foo: T) {\n    println!(\"{:?}\", foo);\n}\n\nfn main() {\n    // Calling the method is still fine, as i32 implements Debug.\n    some_func(5i32);\n\n    // This would fail to compile now:\n    // struct WithoutDebug;\n    // some_func(WithoutDebug);\n}\n```\n\nRust only looks at the signature of the called function, as such it must\nalready specify all requirements that will be used for every type parameter.\n"},"level":"error","spans":[{"file_name":"src/lib.rs","byte_start":1102,"byte_end":1108,"line_start":52,"line_end":52,"column_start":18,"column_end":24,"is_primary":true,"text":[{"text":"                <Switch<Route> render={Switch::render(switch)} />","highlight_start":18,"highlight_end":24}],"label":"the trait `yew::Component` is not implemented for `(dyn yew_router::Switch + 'static)`","suggested_replacement":null,"suggestion_applicability":null,"expansion":{"span":{"file_name":"src/lib.rs","byte_start":1049,"byte_end":1189,"line_start":50,"line_end":54,"column_start":9,"column_end":10,"is_primary":false,"text":[{"text":"        html! {","highlight_start":9,"highlight_end":16},{"text":"            <BrowserRouter>","highlight_start":1,"highlight_end":28},{"text":"                <Switch<Route> render={Switch::render(switch)} />","highlight_start":1,"highlight_end":66},{"text":"            </BrowserRouter>","highlight_start":1,"highlight_end":29},{"text":"        }","highlight_start":1,"highlight_end":10}],"label":null,"suggested_replacement":null,"suggestion_applicability":null,"expansion":null},"macro_decl_name":"html!","def_site_span":{"file_name":"/Users/adityakhowal/.cargo/git/checkouts/yew-7424ad4d701b481c/16f26d8/packages/yew-macro/src/lib.rs","byte_start":3062,"byte_end":3099,"line_start":121,"line_end":121,"column_start":1,"column_end":38,"is_primary":false,"text":[{"text":"#[proc_macro_error::proc_macro_error]","highlight_start":1,"highlight_end":38}],"label":null,"suggested_replacement":null,"suggestion_applicability":null,"expansion":null}}}],"children":[{"message":"the following other types implement trait `yew::Component`:\n  About\n  Contact\n  Experience\n  Homepage\n  Projects\n  App\n  ContextProvider<T>","code":null,"level":"help","spans":[],"children":[],"rendered":null},{"message":"required for `(dyn yew_router::Switch + 'static)` to implement `BaseComponent`","code":null,"level":"note","spans":[],"children":[],"rendered":null}],"rendered":"\u001b[0m\u001b[1m\u001b[38;5;9merror[E0277]\u001b[0m\u001b[0m\u001b[1m: the trait bound `(dyn yew_router::Switch + 'static): yew::Component` is not satisfied\u001b[0m\n\u001b[0m  \u001b[0m\u001b[0m\u001b[1m\u001b[38;5;12m--> \u001b[0m\u001b[0msrc/lib.rs:52:18\u001b[0m\n\u001b[0m   \u001b[0m\u001b[0m\u001b[1m\u001b[38;5;12m|\u001b[0m\n\u001b[0m\u001b[1m\u001b[38;5;12m52\u001b[0m\u001b[0m \u001b[0m\u001b[0m\u001b[1m\u001b[38;5;12m|\u001b[0m\u001b[0m \u001b[0m\u001b[0m                <Switch<Route> render={Switch::render(switch)} />\u001b[0m\n\u001b[0m   \u001b[0m\u001b[0m\u001b[1m\u001b[38;5;12m| \u001b[0m\u001b[0m                 \u001b[0m\u001b[0m\u001b[1m\u001b[38;5;9m^^^^^^\u001b[0m\u001b[0m \u001b[0m\u001b[0m\u001b[1m\u001b[38;5;9mthe trait `yew::Component` is not implemented for `(dyn yew_router::Switch + 'static)`\u001b[0m\n\u001b[0m   \u001b[0m\u001b[0m\u001b[1m\u001b[38;5;12m|\u001b[0m\n\u001b[0m   \u001b[0m\u001b[0m\u001b[1m\u001b[38;5;12m= \u001b[0m\u001b[0m\u001b[1mhelp\u001b[0m\u001b[0m: the following other types implement trait `yew::Component`:\u001b[0m\n\u001b[0m             About\u001b[0m\n\u001b[0m             Contact\u001b[0m\n\u001b[0m             Experience\u001b[0m\n\u001b[0m             Homepage\u001b[0m\n\u001b[0m             Projects\u001b[0m\n\u001b[0m             App\u001b[0m\n\u001b[0m             ContextProvider<T>\u001b[0m\n\u001b[0m   \u001b[0m\u001b[0m\u001b[1m\u001b[38;5;12m= \u001b[0m\u001b[0m\u001b[1mnote\u001b[0m\u001b[0m: required for `(dyn yew_router::Switch + 'static)` to implement `BaseComponent`\u001b[0m\n\u001b[0m   \u001b[0m\u001b[0m\u001b[1m\u001b[38;5;12m= \u001b[0m\u001b[0m\u001b[1mnote\u001b[0m\u001b[0m: this error originates in the macro `html` (in Nightly builds, run with -Z macro-backtrace for more info)\u001b[0m\n\n"}
{"message":"the trait `yew_router::Switch` cannot be made into an object","code":{"code":"E0038","explanation":"For any given trait `Trait` there may be a related _type_ called the _trait\nobject type_ which is typically written as `dyn Trait`. In earlier editions of\nRust, trait object types were written as plain `Trait` (just the name of the\ntrait, written in type positions) but this was a bit too confusing, so we now\nwrite `dyn Trait`.\n\nSome traits are not allowed to be used as trait object types. The traits that\nare allowed to be used as trait object types are called \"object-safe\" traits.\nAttempting to use a trait object type for a trait that is not object-safe will\ntrigger error E0038.\n\nTwo general aspects of trait object types give rise to the restrictions:\n\n  1. Trait object types are dynamically sized types (DSTs), and trait objects of\n     these types can only be accessed through pointers, such as `&dyn Trait` or\n     `Box<dyn Trait>`. The size of such a pointer is known, but the size of the\n     `dyn Trait` object pointed-to by the pointer is _opaque_ to code working\n     with it, and different trait objects with the same trait object type may\n     have different sizes.\n\n  2. The pointer used to access a trait object is paired with an extra pointer\n     to a \"virtual method table\" or \"vtable\", which is used to implement dynamic\n     dispatch to the object's implementations of the trait's methods. There is a\n     single such vtable for each trait implementation, but different trait\n     objects with the same trait object type may point to vtables from different\n     implementations.\n\nThe specific conditions that violate object-safety follow, most of which relate\nto missing size information and vtable polymorphism arising from these aspects.\n\n### The trait requires `Self: Sized`\n\nTraits that are declared as `Trait: Sized` or which otherwise inherit a\nconstraint of `Self:Sized` are not object-safe.\n\nThe reasoning behind this is somewhat subtle. It derives from the fact that Rust\nrequires (and defines) that every trait object type `dyn Trait` automatically\nimplements `Trait`. Rust does this to simplify error reporting and ease\ninteroperation between static and dynamic polymorphism. For example, this code\nworks:\n\n```\ntrait Trait {\n}\n\nfn static_foo<T:Trait + ?Sized>(b: &T) {\n}\n\nfn dynamic_bar(a: &dyn Trait) {\n    static_foo(a)\n}\n```\n\nThis code works because `dyn Trait`, if it exists, always implements `Trait`.\n\nHowever as we know, any `dyn Trait` is also unsized, and so it can never\nimplement a sized trait like `Trait:Sized`. So, rather than allow an exception\nto the rule that `dyn Trait` always implements `Trait`, Rust chooses to prohibit\nsuch a `dyn Trait` from existing at all.\n\nOnly unsized traits are considered object-safe.\n\nGenerally, `Self: Sized` is used to indicate that the trait should not be used\nas a trait object. If the trait comes from your own crate, consider removing\nthis restriction.\n\n### Method references the `Self` type in its parameters or return type\n\nThis happens when a trait has a method like the following:\n\n```\ntrait Trait {\n    fn foo(&self) -> Self;\n}\n\nimpl Trait for String {\n    fn foo(&self) -> Self {\n        \"hi\".to_owned()\n    }\n}\n\nimpl Trait for u8 {\n    fn foo(&self) -> Self {\n        1\n    }\n}\n```\n\n(Note that `&self` and `&mut self` are okay, it's additional `Self` types which\ncause this problem.)\n\nIn such a case, the compiler cannot predict the return type of `foo()` in a\nsituation like the following:\n\n```compile_fail,E0038\ntrait Trait {\n    fn foo(&self) -> Self;\n}\n\nfn call_foo(x: Box<dyn Trait>) {\n    let y = x.foo(); // What type is y?\n    // ...\n}\n```\n\nIf only some methods aren't object-safe, you can add a `where Self: Sized` bound\non them to mark them as explicitly unavailable to trait objects. The\nfunctionality will still be available to all other implementers, including\n`Box<dyn Trait>` which is itself sized (assuming you `impl Trait for Box<dyn\nTrait>`).\n\n```\ntrait Trait {\n    fn foo(&self) -> Self where Self: Sized;\n    // more functions\n}\n```\n\nNow, `foo()` can no longer be called on a trait object, but you will now be\nallowed to make a trait object, and that will be able to call any object-safe\nmethods. With such a bound, one can still call `foo()` on types implementing\nthat trait that aren't behind trait objects.\n\n### Method has generic type parameters\n\nAs mentioned before, trait objects contain pointers to method tables. So, if we\nhave:\n\n```\ntrait Trait {\n    fn foo(&self);\n}\n\nimpl Trait for String {\n    fn foo(&self) {\n        // implementation 1\n    }\n}\n\nimpl Trait for u8 {\n    fn foo(&self) {\n        // implementation 2\n    }\n}\n// ...\n```\n\nAt compile time each implementation of `Trait` will produce a table containing\nthe various methods (and other items) related to the implementation, which will\nbe used as the virtual method table for a `dyn Trait` object derived from that\nimplementation.\n\nThis works fine, but when the method gains generic parameters, we can have a\nproblem.\n\nUsually, generic parameters get _monomorphized_. For example, if I have\n\n```\nfn foo<T>(x: T) {\n    // ...\n}\n```\n\nThe machine code for `foo::<u8>()`, `foo::<bool>()`, `foo::<String>()`, or any\nother instantiation is different. Hence the compiler generates the\nimplementation on-demand. If you call `foo()` with a `bool` parameter, the\ncompiler will only generate code for `foo::<bool>()`. When we have additional\ntype parameters, the number of monomorphized implementations the compiler\ngenerates does not grow drastically, since the compiler will only generate an\nimplementation if the function is called with fully concrete arguments\n(i.e., arguments which do not contain any generic parameters).\n\nHowever, with trait objects we have to make a table containing _every_ object\nthat implements the trait. Now, if it has type parameters, we need to add\nimplementations for every type that implements the trait, and there could\ntheoretically be an infinite number of types.\n\nFor example, with:\n\n```\ntrait Trait {\n    fn foo<T>(&self, on: T);\n    // more methods\n}\n\nimpl Trait for String {\n    fn foo<T>(&self, on: T) {\n        // implementation 1\n    }\n}\n\nimpl Trait for u8 {\n    fn foo<T>(&self, on: T) {\n        // implementation 2\n    }\n}\n\n// 8 more implementations\n```\n\nNow, if we have the following code:\n\n```compile_fail,E0038\n# trait Trait { fn foo<T>(&self, on: T); }\n# impl Trait for String { fn foo<T>(&self, on: T) {} }\n# impl Trait for u8 { fn foo<T>(&self, on: T) {} }\n# impl Trait for bool { fn foo<T>(&self, on: T) {} }\n# // etc.\nfn call_foo(thing: Box<dyn Trait>) {\n    thing.foo(true); // this could be any one of the 8 types above\n    thing.foo(1);\n    thing.foo(\"hello\");\n}\n```\n\nWe don't just need to create a table of all implementations of all methods of\n`Trait`, we need to create such a table, for each different type fed to\n`foo()`. In this case this turns out to be (10 types implementing `Trait`)\\*(3\ntypes being fed to `foo()`) = 30 implementations!\n\nWith real world traits these numbers can grow drastically.\n\nTo fix this, it is suggested to use a `where Self: Sized` bound similar to the\nfix for the sub-error above if you do not intend to call the method with type\nparameters:\n\n```\ntrait Trait {\n    fn foo<T>(&self, on: T) where Self: Sized;\n    // more methods\n}\n```\n\nIf this is not an option, consider replacing the type parameter with another\ntrait object (e.g., if `T: OtherTrait`, use `on: Box<dyn OtherTrait>`). If the\nnumber of types you intend to feed to this method is limited, consider manually\nlisting out the methods of different types.\n\n### Method has no receiver\n\nMethods that do not take a `self` parameter can't be called since there won't be\na way to get a pointer to the method table for them.\n\n```\ntrait Foo {\n    fn foo() -> u8;\n}\n```\n\nThis could be called as `<Foo as Foo>::foo()`, which would not be able to pick\nan implementation.\n\nAdding a `Self: Sized` bound to these methods will generally make this compile.\n\n```\ntrait Foo {\n    fn foo() -> u8 where Self: Sized;\n}\n```\n\n### Trait contains associated constants\n\nJust like static functions, associated constants aren't stored on the method\ntable. If the trait or any subtrait contain an associated constant, they cannot\nbe made into an object.\n\n```compile_fail,E0038\ntrait Foo {\n    const X: i32;\n}\n\nimpl Foo {}\n```\n\nA simple workaround is to use a helper method instead:\n\n```\ntrait Foo {\n    fn x(&self) -> i32;\n}\n```\n\n### Trait uses `Self` as a type parameter in the supertrait listing\n\nThis is similar to the second sub-error, but subtler. It happens in situations\nlike the following:\n\n```compile_fail,E0038\ntrait Super<A: ?Sized> {}\n\ntrait Trait: Super<Self> {\n}\n\nstruct Foo;\n\nimpl Super<Foo> for Foo{}\n\nimpl Trait for Foo {}\n\nfn main() {\n    let x: Box<dyn Trait>;\n}\n```\n\nHere, the supertrait might have methods as follows:\n\n```\ntrait Super<A: ?Sized> {\n    fn get_a(&self) -> &A; // note that this is object safe!\n}\n```\n\nIf the trait `Trait` was deriving from something like `Super<String>` or\n`Super<T>` (where `Foo` itself is `Foo<T>`), this is okay, because given a type\n`get_a()` will definitely return an object of that type.\n\nHowever, if it derives from `Super<Self>`, even though `Super` is object safe,\nthe method `get_a()` would return an object of unknown type when called on the\nfunction. `Self` type parameters let us make object safe traits no longer safe,\nso they are forbidden when specifying supertraits.\n\nThere's no easy fix for this. Generally, code will need to be refactored so that\nyou no longer need to derive from `Super<Self>`.\n"},"level":"error","spans":[{"file_name":"src/lib.rs","byte_start":1102,"byte_end":1108,"line_start":52,"line_end":52,"column_start":18,"column_end":24,"is_primary":true,"text":[{"text":"                <Switch<Route> render={Switch::render(switch)} />","highlight_start":18,"highlight_end":24}],"label":"`yew_router::Switch` cannot be made into an object","suggested_replacement":null,"suggestion_applicability":null,"expansion":{"span":{"file_name":"src/lib.rs","byte_start":1049,"byte_end":1189,"line_start":50,"line_end":54,"column_start":9,"column_end":10,"is_primary":false,"text":[{"text":"        html! {","highlight_start":9,"highlight_end":16},{"text":"            <BrowserRouter>","highlight_start":1,"highlight_end":28},{"text":"                <Switch<Route> render={Switch::render(switch)} />","highlight_start":1,"highlight_end":66},{"text":"            </BrowserRouter>","highlight_start":1,"highlight_end":29},{"text":"        }","highlight_start":1,"highlight_end":10}],"label":null,"suggested_replacement":null,"suggestion_applicability":null,"expansion":null},"macro_decl_name":"html!","def_site_span":{"file_name":"/Users/adityakhowal/.cargo/git/checkouts/yew-7424ad4d701b481c/16f26d8/packages/yew-macro/src/lib.rs","byte_start":3062,"byte_end":3099,"line_start":121,"line_end":121,"column_start":1,"column_end":38,"is_primary":false,"text":[{"text":"#[proc_macro_error::proc_macro_error]","highlight_start":1,"highlight_end":38}],"label":null,"suggested_replacement":null,"suggestion_applicability":null,"expansion":null}}}],"children":[{"message":"the trait cannot be made into an object because it requires `Self: Sized`","code":null,"level":"note","spans":[],"children":[],"rendered":null},{"message":"for a trait to be \"object safe\" it needs to allow building a vtable to allow the call to be resolvable dynamically; for more information visit <https://doc.rust-lang.org/reference/items/traits.html#object-safety>","code":null,"level":"note","spans":[],"children":[],"rendered":null}],"rendered":"\u001b[0m\u001b[1m\u001b[38;5;9merror[E0038]\u001b[0m\u001b[0m\u001b[1m: the trait `yew_router::Switch` cannot be made into an object\u001b[0m\n\u001b[0m  \u001b[0m\u001b[0m\u001b[1m\u001b[38;5;12m--> \u001b[0m\u001b[0msrc/lib.rs:52:18\u001b[0m\n\u001b[0m   \u001b[0m\u001b[0m\u001b[1m\u001b[38;5;12m|\u001b[0m\n\u001b[0m\u001b[1m\u001b[38;5;12m52\u001b[0m\u001b[0m \u001b[0m\u001b[0m\u001b[1m\u001b[38;5;12m|\u001b[0m\u001b[0m \u001b[0m\u001b[0m                <Switch<Route> render={Switch::render(switch)} />\u001b[0m\n\u001b[0m   \u001b[0m\u001b[0m\u001b[1m\u001b[38;5;12m| \u001b[0m\u001b[0m                 \u001b[0m\u001b[0m\u001b[1m\u001b[38;5;9m^^^^^^\u001b[0m\u001b[0m \u001b[0m\u001b[0m\u001b[1m\u001b[38;5;9m`yew_router::Switch` cannot be made into an object\u001b[0m\n\u001b[0m   \u001b[0m\u001b[0m\u001b[1m\u001b[38;5;12m|\u001b[0m\n\u001b[0m   \u001b[0m\u001b[0m\u001b[1m\u001b[38;5;12m= \u001b[0m\u001b[0m\u001b[1mnote\u001b[0m\u001b[0m: the trait cannot be made into an object because it requires `Self: Sized`\u001b[0m\n\u001b[0m   \u001b[0m\u001b[0m\u001b[1m\u001b[38;5;12m= \u001b[0m\u001b[0m\u001b[1mnote\u001b[0m\u001b[0m: for a trait to be \"object safe\" it needs to allow building a vtable to allow the call to be resolvable dynamically; for more information visit <https://doc.rust-lang.org/reference/items/traits.html#object-safety>\u001b[0m\n\u001b[0m   \u001b[0m\u001b[0m\u001b[1m\u001b[38;5;12m= \u001b[0m\u001b[0m\u001b[1mnote\u001b[0m\u001b[0m: this error originates in the macro `html` (in Nightly builds, run with -Z macro-backtrace for more info)\u001b[0m\n\n"}
{"message":"no function or associated item named `render` found for trait `yew_router::Switch`","code":{"code":"E0599","explanation":"This error occurs when a method is used on a type which doesn't implement it:\n\nErroneous code example:\n\n```compile_fail,E0599\nstruct Mouth;\n\nlet x = Mouth;\nx.chocolate(); // error: no method named `chocolate` found for type `Mouth`\n               //        in the current scope\n```\n\nIn this case, you need to implement the `chocolate` method to fix the error:\n\n```\nstruct Mouth;\n\nimpl Mouth {\n    fn chocolate(&self) { // We implement the `chocolate` method here.\n        println!(\"Hmmm! I love chocolate!\");\n    }\n}\n\nlet x = Mouth;\nx.chocolate(); // ok!\n```\n"},"level":"error","spans":[{"file_name":"src/lib.rs","byte_start":1132,"byte_end":1138,"line_start":52,"line_end":52,"column_start":48,"column_end":54,"is_primary":true,"text":[{"text":"                <Switch<Route> render={Switch::render(switch)} />","highlight_start":48,"highlight_end":54}],"label":"function or associated item not found in `Switch`","suggested_replacement":null,"suggestion_applicability":null,"expansion":null}],"children":[],"rendered":"\u001b[0m\u001b[1m\u001b[38;5;9merror[E0599]\u001b[0m\u001b[0m\u001b[1m: no function or associated item named `render` found for trait `yew_router::Switch`\u001b[0m\n\u001b[0m  \u001b[0m\u001b[0m\u001b[1m\u001b[38;5;12m--> \u001b[0m\u001b[0msrc/lib.rs:52:48\u001b[0m\n\u001b[0m   \u001b[0m\u001b[0m\u001b[1m\u001b[38;5;12m|\u001b[0m\n\u001b[0m\u001b[1m\u001b[38;5;12m52\u001b[0m\u001b[0m \u001b[0m\u001b[0m\u001b[1m\u001b[38;5;12m|\u001b[0m\u001b[0m \u001b[0m\u001b[0m                <Switch<Route> render={Switch::render(switch)} />\u001b[0m\n\u001b[0m   \u001b[0m\u001b[0m\u001b[1m\u001b[38;5;12m| \u001b[0m\u001b[0m                                               \u001b[0m\u001b[0m\u001b[1m\u001b[38;5;9m^^^^^^\u001b[0m\u001b[0m \u001b[0m\u001b[0m\u001b[1m\u001b[38;5;9mfunction or associated item not found in `Switch`\u001b[0m\n\n"}
{"message":"the function or associated item `new` exists for struct `VChild<dyn Switch>`, but its trait bounds were not satisfied","code":{"code":"E0599","explanation":"This error occurs when a method is used on a type which doesn't implement it:\n\nErroneous code example:\n\n```compile_fail,E0599\nstruct Mouth;\n\nlet x = Mouth;\nx.chocolate(); // error: no method named `chocolate` found for type `Mouth`\n               //        in the current scope\n```\n\nIn this case, you need to implement the `chocolate` method to fix the error:\n\n```\nstruct Mouth;\n\nimpl Mouth {\n    fn chocolate(&self) { // We implement the `chocolate` method here.\n        println!(\"Hmmm! I love chocolate!\");\n    }\n}\n\nlet x = Mouth;\nx.chocolate(); // ok!\n```\n"},"level":"error","spans":[{"file_name":"src/lib.rs","byte_start":1102,"byte_end":1108,"line_start":52,"line_end":52,"column_start":18,"column_end":24,"is_primary":true,"text":[{"text":"                <Switch<Route> render={Switch::render(switch)} />","highlight_start":18,"highlight_end":24}],"label":"function or associated item cannot be called on `VChild<dyn Switch>` due to unsatisfied trait bounds","suggested_replacement":null,"suggestion_applicability":null,"expansion":{"span":{"file_name":"src/lib.rs","byte_start":1049,"byte_end":1189,"line_start":50,"line_end":54,"column_start":9,"column_end":10,"is_primary":false,"text":[{"text":"        html! {","highlight_start":9,"highlight_end":16},{"text":"            <BrowserRouter>","highlight_start":1,"highlight_end":28},{"text":"                <Switch<Route> render={Switch::render(switch)} />","highlight_start":1,"highlight_end":66},{"text":"            </BrowserRouter>","highlight_start":1,"highlight_end":29},{"text":"        }","highlight_start":1,"highlight_end":10}],"label":null,"suggested_replacement":null,"suggestion_applicability":null,"expansion":null},"macro_decl_name":"html!","def_site_span":{"file_name":"/Users/adityakhowal/.cargo/git/checkouts/yew-7424ad4d701b481c/16f26d8/packages/yew-macro/src/lib.rs","byte_start":3062,"byte_end":3099,"line_start":121,"line_end":121,"column_start":1,"column_end":38,"is_primary":false,"text":[{"text":"#[proc_macro_error::proc_macro_error]","highlight_start":1,"highlight_end":38}],"label":null,"suggested_replacement":null,"suggestion_applicability":null,"expansion":null}}},{"file_name":"/Users/adityakhowal/.cargo/registry/src/index.crates.io-6f17d22bba15001f/yew-router-0.15.0/src/switch.rs","byte_start":1463,"byte_end":1486,"line_start":50,"line_end":50,"column_start":1,"column_end":24,"is_primary":false,"text":[{"text":"pub trait Switch: Sized {","highlight_start":1,"highlight_end":24}],"label":"doesn't satisfy `dyn yew_router::Switch: BaseComponent`","suggested_replacement":null,"suggestion_applicability":null,"expansion":null},{"file_name":"/Users/adityakhowal/.cargo/registry/src/index.crates.io-6f17d22bba15001f/yew-router-0.15.0/src/switch.rs","byte_start":1463,"byte_end":1486,"line_start":50,"line_end":50,"column_start":1,"column_end":24,"is_primary":false,"text":[{"text":"pub trait Switch: Sized {","highlight_start":1,"highlight_end":24}],"label":"doesn't satisfy `dyn yew_router::Switch: Sized`","suggested_replacement":null,"suggestion_applicability":null,"expansion":null}],"children":[{"message":"the following trait bounds were not satisfied:\n`dyn yew_router::Switch: Sized`\n`dyn yew_router::Switch: BaseComponent`","code":null,"level":"note","spans":[],"children":[],"rendered":null}],"rendered":"\u001b[0m\u001b[1m\u001b[38;5;9merror[E0599]\u001b[0m\u001b[0m\u001b[1m: the function or associated item `new` exists for struct `VChild<dyn Switch>`, but its trait bounds were not satisfied\u001b[0m\n\u001b[0m  \u001b[0m\u001b[0m\u001b[1m\u001b[38;5;12m--> \u001b[0m\u001b[0msrc/lib.rs:52:18\u001b[0m\n\u001b[0m   \u001b[0m\u001b[0m\u001b[1m\u001b[38;5;12m|\u001b[0m\n\u001b[0m\u001b[1m\u001b[38;5;12m52\u001b[0m\u001b[0m \u001b[0m\u001b[0m\u001b[1m\u001b[38;5;12m|\u001b[0m\u001b[0m \u001b[0m\u001b[0m                <Switch<Route> render={Switch::render(switch)} />\u001b[0m\n\u001b[0m   \u001b[0m\u001b[0m\u001b[1m\u001b[38;5;12m| \u001b[0m\u001b[0m                 \u001b[0m\u001b[0m\u001b[1m\u001b[38;5;9m^^^^^^\u001b[0m\u001b[0m \u001b[0m\u001b[0m\u001b[1m\u001b[38;5;9mfunction or associated item cannot be called on `VChild<dyn Switch>` due to unsatisfied trait bounds\u001b[0m\n\u001b[0m   \u001b[0m\u001b[0m\u001b[1m\u001b[38;5;12m|\u001b[0m\n\u001b[0m  \u001b[0m\u001b[0m\u001b[1m\u001b[38;5;12m::: \u001b[0m\u001b[0m/Users/adityakhowal/.cargo/registry/src/index.crates.io-6f17d22bba15001f/yew-router-0.15.0/src/switch.rs:50:1\u001b[0m\n\u001b[0m   \u001b[0m\u001b[0m\u001b[1m\u001b[38;5;12m|\u001b[0m\n\u001b[0m\u001b[1m\u001b[38;5;12m50\u001b[0m\u001b[0m \u001b[0m\u001b[0m\u001b[1m\u001b[38;5;12m|\u001b[0m\u001b[0m \u001b[0m\u001b[0mpub trait Switch: Sized {\u001b[0m\n\u001b[0m   \u001b[0m\u001b[0m\u001b[1m\u001b[38;5;12m| \u001b[0m\u001b[0m\u001b[1m\u001b[38;5;12m-----------------------\u001b[0m\n\u001b[0m   \u001b[0m\u001b[0m\u001b[1m\u001b[38;5;12m| \u001b[0m\u001b[0m\u001b[1m\u001b[38;5;12m|\u001b[0m\n\u001b[0m   \u001b[0m\u001b[0m\u001b[1m\u001b[38;5;12m| \u001b[0m\u001b[0m\u001b[1m\u001b[38;5;12mdoesn't satisfy `dyn yew_router::Switch: BaseComponent`\u001b[0m\n\u001b[0m   \u001b[0m\u001b[0m\u001b[1m\u001b[38;5;12m| \u001b[0m\u001b[0m\u001b[1m\u001b[38;5;12mdoesn't satisfy `dyn yew_router::Switch: Sized`\u001b[0m\n\u001b[0m   \u001b[0m\u001b[0m\u001b[1m\u001b[38;5;12m|\u001b[0m\n\u001b[0m   \u001b[0m\u001b[0m\u001b[1m\u001b[38;5;12m= \u001b[0m\u001b[0m\u001b[1mnote\u001b[0m\u001b[0m: the following trait bounds were not satisfied:\u001b[0m\n\u001b[0m           `dyn yew_router::Switch: Sized`\u001b[0m\n\u001b[0m           `dyn yew_router::Switch: BaseComponent`\u001b[0m\n\u001b[0m   \u001b[0m\u001b[0m\u001b[1m\u001b[38;5;12m= \u001b[0m\u001b[0m\u001b[1mnote\u001b[0m\u001b[0m: this error originates in the macro `html` (in Nightly builds, run with -Z macro-backtrace for more info)\u001b[0m\n\n"}
{"message":"trait objects must include the `dyn` keyword","code":{"code":"E0782","explanation":"Trait objects must include the `dyn` keyword.\n\nErroneous code example:\n\n```edition2021,compile_fail,E0782\ntrait Foo {}\nfn test(arg: Box<Foo>) {} // error!\n```\n\nTrait objects are a way to call methods on types that are not known until\nruntime but conform to some trait.\n\nTrait objects should be formed with `Box<dyn Foo>`, but in the code above\n`dyn` is left off.\n\nThis makes it harder to see that `arg` is a trait object and not a\nsimply a heap allocated type called `Foo`.\n\nTo fix this issue, add `dyn` before the trait name.\n\n```edition2021\ntrait Foo {}\nfn test(arg: Box<dyn Foo>) {} // ok!\n```\n\nThis used to be allowed before edition 2021, but is now an error.\n"},"level":"error","spans":[{"file_name":"src/lib.rs","byte_start":1102,"byte_end":1115,"line_start":52,"line_end":52,"column_start":18,"column_end":31,"is_primary":true,"text":[{"text":"                <Switch<Route> render={Switch::render(switch)} />","highlight_start":18,"highlight_end":31}],"label":null,"suggested_replacement":null,"suggestion_applicability":null,"expansion":null}],"children":[{"message":"add `dyn` keyword before this trait","code":null,"level":"help","spans":[{"file_name":"src/lib.rs","byte_start":1102,"byte_end":1102,"line_start":52,"line_end":52,"column_start":18,"column_end":18,"is_primary":true,"text":[{"text":"                <Switch<Route> render={Switch::render(switch)} />","highlight_start":18,"highlight_end":18}],"label":null,"suggested_replacement":"dyn ","suggestion_applicability":"MachineApplicable","expansion":null}],"children":[],"rendered":null}],"rendered":"\u001b[0m\u001b[1m\u001b[38;5;9merror[E0782]\u001b[0m\u001b[0m\u001b[1m: trait objects must include the `dyn` keyword\u001b[0m\n\u001b[0m  \u001b[0m\u001b[0m\u001b[1m\u001b[38;5;12m--> \u001b[0m\u001b[0msrc/lib.rs:52:18\u001b[0m\n\u001b[0m   \u001b[0m\u001b[0m\u001b[1m\u001b[38;5;12m|\u001b[0m\n\u001b[0m\u001b[1m\u001b[38;5;12m52\u001b[0m\u001b[0m \u001b[0m\u001b[0m\u001b[1m\u001b[38;5;12m|\u001b[0m\u001b[0m \u001b[0m\u001b[0m                <Switch<Route> render={Switch::render(switch)} />\u001b[0m\n\u001b[0m   \u001b[0m\u001b[0m\u001b[1m\u001b[38;5;12m| \u001b[0m\u001b[0m                 \u001b[0m\u001b[0m\u001b[1m\u001b[38;5;9m^^^^^^^^^^^^^\u001b[0m\n\u001b[0m   \u001b[0m\u001b[0m\u001b[1m\u001b[38;5;12m|\u001b[0m\n\u001b[0m\u001b[1m\u001b[38;5;14mhelp\u001b[0m\u001b[0m: add `dyn` keyword before this trait\u001b[0m\n\u001b[0m   \u001b[0m\u001b[0m\u001b[1m\u001b[38;5;12m|\u001b[0m\n\u001b[0m\u001b[1m\u001b[38;5;12m52\u001b[0m\u001b[0m \u001b[0m\u001b[0m\u001b[1m\u001b[38;5;12m| \u001b[0m\u001b[0m                <\u001b[0m\u001b[0m\u001b[38;5;10mdyn \u001b[0m\u001b[0mSwitch<Route> render={Switch::render(switch)} />\u001b[0m\n\u001b[0m   \u001b[0m\u001b[0m\u001b[1m\u001b[38;5;12m|\u001b[0m\u001b[0m                  \u001b[0m\u001b[0m\u001b[38;5;10m+++\u001b[0m\n\n"}
{"message":"aborting due to 22 previous errors","code":null,"level":"error","spans":[],"children":[],"rendered":"\u001b[0m\u001b[1m\u001b[38;5;9merror\u001b[0m\u001b[0m\u001b[1m: aborting due to 22 previous errors\u001b[0m\n\n"}
{"message":"Some errors have detailed explanations: E0038, E0107, E0277, E0412, E0425, E0599, E0603, E0782.","code":null,"level":"failure-note","spans":[],"children":[],"rendered":"\u001b[0m\u001b[1mSome errors have detailed explanations: E0038, E0107, E0277, E0412, E0425, E0599, E0603, E0782.\u001b[0m\n"}
{"message":"For more information about an error, try `rustc --explain E0038`.","code":null,"level":"failure-note","spans":[],"children":[],"rendered":"\u001b[0m\u001b[1mFor more information about an error, try `rustc --explain E0038`.\u001b[0m\n"}
